<?xml version="1.0" encoding="UTF-8"?>
<testsuite xmlns:xsi="http://www.w3.org/2001/XMLSchema-instance" xsi:noNamespaceSchemaLocation="https://maven.apache.org/surefire/maven-surefire-plugin/xsd/surefire-test-report.xsd" name="com.aws.corona.charades.repositories.GameRepositoryTest" time="0.115" tests="5" errors="0" skipped="0" failures="0">
  <properties>
    <property name="sun.desktop" value="gnome"/>
    <property name="awt.toolkit" value="sun.awt.X11.XToolkit"/>
    <property name="file.encoding.pkg" value="sun.io"/>
    <property name="java.specification.version" value="1.8"/>
    <property name="sun.cpu.isalist" value=""/>
    <property name="sun.jnu.encoding" value="UTF-8"/>
    <property name="java.class.path" value="/home/zmarbach/source/Corona-Charades/target/test-classes:/home/zmarbach/source/Corona-Charades/target/classes:/home/zmarbach/.m2/repository/org/springframework/spring-context/5.0.7.RELEASE/spring-context-5.0.7.RELEASE.jar:/home/zmarbach/.m2/repository/org/springframework/spring-beans/5.0.7.RELEASE/spring-beans-5.0.7.RELEASE.jar:/home/zmarbach/.m2/repository/org/springframework/spring-core/5.0.7.RELEASE/spring-core-5.0.7.RELEASE.jar:/home/zmarbach/.m2/repository/org/springframework/spring-jcl/5.0.7.RELEASE/spring-jcl-5.0.7.RELEASE.jar:/home/zmarbach/.m2/repository/org/springframework/spring-expression/5.0.7.RELEASE/spring-expression-5.0.7.RELEASE.jar:/home/zmarbach/.m2/repository/org/springframework/spring-aop/5.0.7.RELEASE/spring-aop-5.0.7.RELEASE.jar:/home/zmarbach/.m2/repository/org/springframework/spring-webmvc/5.0.7.RELEASE/spring-webmvc-5.0.7.RELEASE.jar:/home/zmarbach/.m2/repository/org/springframework/spring-web/5.0.7.RELEASE/spring-web-5.0.7.RELEASE.jar:/home/zmarbach/.m2/repository/taglibs/standard/1.1.2/standard-1.1.2.jar:/home/zmarbach/.m2/repository/jstl/jstl/1.2/jstl-1.2.jar:/home/zmarbach/.m2/repository/javax/servlet/javax.servlet-api/4.0.1/javax.servlet-api-4.0.1.jar:/home/zmarbach/.m2/repository/commons-fileupload/commons-fileupload/1.3.3/commons-fileupload-1.3.3.jar:/home/zmarbach/.m2/repository/commons-io/commons-io/2.2/commons-io-2.2.jar:/home/zmarbach/.m2/repository/org/junit/jupiter/junit-jupiter-api/5.2.0/junit-jupiter-api-5.2.0.jar:/home/zmarbach/.m2/repository/org/apiguardian/apiguardian-api/1.0.0/apiguardian-api-1.0.0.jar:/home/zmarbach/.m2/repository/org/opentest4j/opentest4j/1.1.0/opentest4j-1.1.0.jar:/home/zmarbach/.m2/repository/org/junit/platform/junit-platform-commons/1.2.0/junit-platform-commons-1.2.0.jar:/home/zmarbach/.m2/repository/org/junit/jupiter/junit-jupiter-engine/5.2.0/junit-jupiter-engine-5.2.0.jar:/home/zmarbach/.m2/repository/org/junit/platform/junit-platform-engine/1.2.0/junit-platform-engine-1.2.0.jar:/home/zmarbach/.m2/repository/org/junit/platform/junit-platform-launcher/1.2.0/junit-platform-launcher-1.2.0.jar:/home/zmarbach/.m2/repository/org/junit/platform/junit-platform-runner/1.2.0/junit-platform-runner-1.2.0.jar:/home/zmarbach/.m2/repository/org/junit/platform/junit-platform-suite-api/1.2.0/junit-platform-suite-api-1.2.0.jar:/home/zmarbach/.m2/repository/junit/junit/4.12/junit-4.12.jar:/home/zmarbach/.m2/repository/org/hamcrest/hamcrest-core/1.3/hamcrest-core-1.3.jar:/home/zmarbach/.m2/repository/com/google/code/gson/gson/2.8.6/gson-2.8.6.jar:/home/zmarbach/.m2/repository/org/springframework/spring-test/5.1.8.RELEASE/spring-test-5.1.8.RELEASE.jar:/home/zmarbach/.m2/repository/org/mockito/mockito-junit-jupiter/2.17.0/mockito-junit-jupiter-2.17.0.jar:/home/zmarbach/.m2/repository/org/mockito/mockito-core/2.17.0/mockito-core-2.17.0.jar:/home/zmarbach/.m2/repository/net/bytebuddy/byte-buddy/1.8.0/byte-buddy-1.8.0.jar:/home/zmarbach/.m2/repository/net/bytebuddy/byte-buddy-agent/1.8.0/byte-buddy-agent-1.8.0.jar:/home/zmarbach/.m2/repository/org/objenesis/objenesis/2.6/objenesis-2.6.jar:"/>
    <property name="java.vm.vendor" value="Oracle Corporation"/>
    <property name="sun.arch.data.model" value="64"/>
    <property name="java.vendor.url" value="http://java.oracle.com/"/>
    <property name="user.timezone" value=""/>
    <property name="java.vm.specification.version" value="1.8"/>
    <property name="os.name" value="Linux"/>
    <property name="user.country" value="US"/>
    <property name="sun.java.launcher" value="SUN_STANDARD"/>
    <property name="sun.boot.library.path" value="/usr/lib/jvm/jdk1.8.0_221/jre/lib/amd64"/>
    <property name="sun.java.command" value="/home/zmarbach/source/Corona-Charades/target/surefire/surefirebooter3458374640143278630.jar /home/zmarbach/source/Corona-Charades/target/surefire 2020-09-04T10-59-00_475-jvmRun1 surefire7499598041448196336tmp surefire_07996560886086997812tmp"/>
    <property name="surefire.test.class.path" value="/home/zmarbach/source/Corona-Charades/target/test-classes:/home/zmarbach/source/Corona-Charades/target/classes:/home/zmarbach/.m2/repository/org/springframework/spring-context/5.0.7.RELEASE/spring-context-5.0.7.RELEASE.jar:/home/zmarbach/.m2/repository/org/springframework/spring-beans/5.0.7.RELEASE/spring-beans-5.0.7.RELEASE.jar:/home/zmarbach/.m2/repository/org/springframework/spring-core/5.0.7.RELEASE/spring-core-5.0.7.RELEASE.jar:/home/zmarbach/.m2/repository/org/springframework/spring-jcl/5.0.7.RELEASE/spring-jcl-5.0.7.RELEASE.jar:/home/zmarbach/.m2/repository/org/springframework/spring-expression/5.0.7.RELEASE/spring-expression-5.0.7.RELEASE.jar:/home/zmarbach/.m2/repository/org/springframework/spring-aop/5.0.7.RELEASE/spring-aop-5.0.7.RELEASE.jar:/home/zmarbach/.m2/repository/org/springframework/spring-webmvc/5.0.7.RELEASE/spring-webmvc-5.0.7.RELEASE.jar:/home/zmarbach/.m2/repository/org/springframework/spring-web/5.0.7.RELEASE/spring-web-5.0.7.RELEASE.jar:/home/zmarbach/.m2/repository/taglibs/standard/1.1.2/standard-1.1.2.jar:/home/zmarbach/.m2/repository/jstl/jstl/1.2/jstl-1.2.jar:/home/zmarbach/.m2/repository/javax/servlet/javax.servlet-api/4.0.1/javax.servlet-api-4.0.1.jar:/home/zmarbach/.m2/repository/commons-fileupload/commons-fileupload/1.3.3/commons-fileupload-1.3.3.jar:/home/zmarbach/.m2/repository/commons-io/commons-io/2.2/commons-io-2.2.jar:/home/zmarbach/.m2/repository/org/junit/jupiter/junit-jupiter-api/5.2.0/junit-jupiter-api-5.2.0.jar:/home/zmarbach/.m2/repository/org/apiguardian/apiguardian-api/1.0.0/apiguardian-api-1.0.0.jar:/home/zmarbach/.m2/repository/org/opentest4j/opentest4j/1.1.0/opentest4j-1.1.0.jar:/home/zmarbach/.m2/repository/org/junit/platform/junit-platform-commons/1.2.0/junit-platform-commons-1.2.0.jar:/home/zmarbach/.m2/repository/org/junit/jupiter/junit-jupiter-engine/5.2.0/junit-jupiter-engine-5.2.0.jar:/home/zmarbach/.m2/repository/org/junit/platform/junit-platform-engine/1.2.0/junit-platform-engine-1.2.0.jar:/home/zmarbach/.m2/repository/org/junit/platform/junit-platform-launcher/1.2.0/junit-platform-launcher-1.2.0.jar:/home/zmarbach/.m2/repository/org/junit/platform/junit-platform-runner/1.2.0/junit-platform-runner-1.2.0.jar:/home/zmarbach/.m2/repository/org/junit/platform/junit-platform-suite-api/1.2.0/junit-platform-suite-api-1.2.0.jar:/home/zmarbach/.m2/repository/junit/junit/4.12/junit-4.12.jar:/home/zmarbach/.m2/repository/org/hamcrest/hamcrest-core/1.3/hamcrest-core-1.3.jar:/home/zmarbach/.m2/repository/com/google/code/gson/gson/2.8.6/gson-2.8.6.jar:/home/zmarbach/.m2/repository/org/springframework/spring-test/5.1.8.RELEASE/spring-test-5.1.8.RELEASE.jar:/home/zmarbach/.m2/repository/org/mockito/mockito-junit-jupiter/2.17.0/mockito-junit-jupiter-2.17.0.jar:/home/zmarbach/.m2/repository/org/mockito/mockito-core/2.17.0/mockito-core-2.17.0.jar:/home/zmarbach/.m2/repository/net/bytebuddy/byte-buddy/1.8.0/byte-buddy-1.8.0.jar:/home/zmarbach/.m2/repository/net/bytebuddy/byte-buddy-agent/1.8.0/byte-buddy-agent-1.8.0.jar:/home/zmarbach/.m2/repository/org/objenesis/objenesis/2.6/objenesis-2.6.jar:"/>
    <property name="sun.cpu.endian" value="little"/>
    <property name="user.home" value="/home/zmarbach"/>
    <property name="user.language" value="en"/>
    <property name="java.specification.vendor" value="Oracle Corporation"/>
    <property name="java.home" value="/usr/lib/jvm/jdk1.8.0_221/jre"/>
    <property name="basedir" value="/home/zmarbach/source/Corona-Charades"/>
    <property name="file.separator" value="/"/>
    <property name="line.separator" value="&#10;"/>
    <property name="java.vm.specification.vendor" value="Oracle Corporation"/>
    <property name="java.specification.name" value="Java Platform API Specification"/>
    <property name="java.awt.graphicsenv" value="sun.awt.X11GraphicsEnvironment"/>
    <property name="surefire.real.class.path" value="/home/zmarbach/source/Corona-Charades/target/surefire/surefirebooter3458374640143278630.jar"/>
    <property name="sun.boot.class.path" value="/usr/lib/jvm/jdk1.8.0_221/jre/lib/resources.jar:/usr/lib/jvm/jdk1.8.0_221/jre/lib/rt.jar:/usr/lib/jvm/jdk1.8.0_221/jre/lib/sunrsasign.jar:/usr/lib/jvm/jdk1.8.0_221/jre/lib/jsse.jar:/usr/lib/jvm/jdk1.8.0_221/jre/lib/jce.jar:/usr/lib/jvm/jdk1.8.0_221/jre/lib/charsets.jar:/usr/lib/jvm/jdk1.8.0_221/jre/lib/jfr.jar:/usr/lib/jvm/jdk1.8.0_221/jre/classes"/>
    <property name="sun.management.compiler" value="HotSpot 64-Bit Tiered Compilers"/>
    <property name="java.runtime.version" value="1.8.0_221-b11"/>
    <property name="user.name" value="zmarbach"/>
    <property name="path.separator" value=":"/>
    <property name="os.version" value="5.0.0-32-generic"/>
    <property name="java.endorsed.dirs" value="/usr/lib/jvm/jdk1.8.0_221/jre/lib/endorsed"/>
    <property name="java.runtime.name" value="Java(TM) SE Runtime Environment"/>
    <property name="file.encoding" value="UTF-8"/>
    <property name="java.vm.name" value="Java HotSpot(TM) 64-Bit Server VM"/>
    <property name="localRepository" value="/home/zmarbach/.m2/repository"/>
    <property name="java.vendor.url.bug" value="http://bugreport.sun.com/bugreport/"/>
    <property name="java.io.tmpdir" value="/tmp"/>
    <property name="java.version" value="1.8.0_221"/>
    <property name="user.dir" value="/home/zmarbach/source/Corona-Charades"/>
    <property name="os.arch" value="amd64"/>
    <property name="java.vm.specification.name" value="Java Virtual Machine Specification"/>
    <property name="java.awt.printerjob" value="sun.print.PSPrinterJob"/>
    <property name="sun.os.patch.level" value="unknown"/>
    <property name="java.library.path" value="/usr/java/packages/lib/amd64:/usr/lib64:/lib64:/lib:/usr/lib"/>
    <property name="java.vm.info" value="mixed mode"/>
    <property name="java.vendor" value="Oracle Corporation"/>
    <property name="java.vm.version" value="25.221-b11"/>
    <property name="java.ext.dirs" value="/usr/lib/jvm/jdk1.8.0_221/jre/lib/ext:/usr/java/packages/lib/ext"/>
    <property name="sun.io.unicode.encoding" value="UnicodeLittle"/>
    <property name="java.class.version" value="52.0"/>
  </properties>
  <testcase name="getGameShouldFindGameIfPresent" classname="com.aws.corona.charades.repositories.GameRepositoryTest" time="0.066"/>
  <testcase name="getGameShouldThrowExceptionIfGameNotFound" classname="com.aws.corona.charades.repositories.GameRepositoryTest" time="0.022"/>
  <testcase name="updateGame" classname="com.aws.corona.charades.repositories.GameRepositoryTest" time="0"/>
  <testcase name="createNewGame" classname="com.aws.corona.charades.repositories.GameRepositoryTest" time="0.002"/>
  <testcase name="deleteGame" classname="com.aws.corona.charades.repositories.GameRepositoryTest" time="0.002"/>
</testsuite>